<?xml version="1.0" encoding="UTF-8"?>
<!-- Generated by org.testng.reporters.JUnitXMLReporter -->
<testsuite hostname="alokl-PC" name="Test" tests="2" failures="1" timestamp="1 Aug 2017 16:42:51 GMT" time="0.07" errors="0">
  <testcase name="fail" time="0.026" classname="example.NewTest">
    <failure type="java.lang.AssertionError" message="expected [false] but found [true]">
      <![CDATA[java.lang.AssertionError: expected [false] but found [true]
	at example.NewTest.fail(NewTest.java:17)
... Removed 29 stack frames]]>
    </failure>
  </testcase> <!-- fail -->
  <testcase name="pass" time="0.003" classname="example.NewTest"/>
</testsuite> <!-- Test -->
