<?xml version="1.0" encoding="UTF-8"?>
<!-- Generated by org.testng.reporters.JUnitXMLReporter -->
<testsuite hostname="alokl-PC" name="Test(failed)" tests="1" failures="1" timestamp="1 Aug 2017 16:43:44 GMT" time="0.089" errors="0">
  <testcase name="fail" time="0.04" classname="example.NewTest">
    <failure type="java.lang.AssertionError" message="expected [false] but found [true]">
      <![CDATA[java.lang.AssertionError: expected [false] but found [true]
	at example.NewTest.fail(NewTest.java:17)
... Removed 29 stack frames]]>
    </failure>
  </testcase> <!-- fail -->
</testsuite> <!-- Test(failed) -->
